<?xml version="1.0" encoding="UTF-8"?>
<!-- Generated by org.testng.reporters.JUnitReportReporter -->
<testsuite hostname="sham" failures="0" tests="1" name="com.simplilearn.selenium_scripts.RegistrationPage" time="6.640" errors="0" timestamp="2024-01-25T14:02:32 IST" skipped="0">
  <testcase classname="com.simplilearn.selenium_scripts.RegistrationPage" name="testRegistrationpage" time="6.640"/>
</testsuite> <!-- com.simplilearn.selenium_scripts.RegistrationPage -->
