<?xml version="1.0" encoding="UTF-8"?>
<!-- Generated by org.testng.reporters.JUnitReportReporter -->
<testsuite hostname="sham" failures="0" tests="1" name="com.simplilearn.selenium_scripts.AddProductsToCartPage" time="7.918" errors="0" timestamp="2024-01-25T16:46:04 IST" skipped="0">
  <testcase classname="com.simplilearn.selenium_scripts.AddProductsToCartPage" name="testloginpage" time="7.918"/>
</testsuite> <!-- com.simplilearn.selenium_scripts.AddProductsToCartPage -->
