<?xml version="1.0" encoding="UTF-8"?>
<!-- Generated by org.testng.reporters.JUnitReportReporter -->
<testsuite hostname="sham" failures="0" tests="1" name="com.simplilearn.selenium_scripts.LoginPage" time="5.796" errors="0" timestamp="2024-01-25T14:11:48 IST" skipped="0">
  <testcase classname="com.simplilearn.selenium_scripts.LoginPage" name="testloginpage" time="5.796"/>
</testsuite> <!-- com.simplilearn.selenium_scripts.LoginPage -->
