<?xml version="1.0" encoding="UTF-8"?>
<!-- Generated by org.testng.reporters.JUnitReportReporter -->
<testsuite hostname="sham" failures="0" tests="1" name="com.simplilearn.restassured.UpdateProduct" time="1.422" errors="0" timestamp="2024-01-25T13:58:41 IST" skipped="0">
  <testcase classname="com.simplilearn.restassured.UpdateProduct" name="testGetProduct" time="1.422"/>
</testsuite> <!-- com.simplilearn.restassured.UpdateProduct -->
