<?xml version="1.0" encoding="UTF-8"?>
<!-- Generated by org.testng.reporters.JUnitReportReporter -->
<testsuite hostname="sham" failures="0" tests="1" name="com.simplilearn.restassured.RegisteredUsers" time="0.547" errors="0" timestamp="2024-01-25T13:07:18 IST" skipped="0">
  <testcase classname="com.simplilearn.restassured.RegisteredUsers" name="testGetAllRegisteredUsers" time="0.547"/>
</testsuite> <!-- com.simplilearn.restassured.RegisteredUsers -->
