<?xml version="1.0" encoding="UTF-8"?>
<!-- Generated by org.testng.reporters.JUnitReportReporter -->
<testsuite hostname="sham" failures="0" tests="1" name="com.simplilearn.restassured.DeleteProduct" time="0.518" errors="0" timestamp="2024-01-24T17:14:23 IST" skipped="0">
  <testcase classname="com.simplilearn.restassured.DeleteProduct" name="testDeleteProduct" time="0.518"/>
</testsuite> <!-- com.simplilearn.restassured.DeleteProduct -->
