<?xml version="1.0" encoding="UTF-8"?>
<!-- Generated by org.testng.reporters.JUnitReportReporter -->
<testsuite hostname="sham" failures="0" tests="1" name="com.simplilearn.restassured.AddTheProduct" time="1.781" errors="0" timestamp="2024-01-25T13:57:49 IST" skipped="0">
  <testcase classname="com.simplilearn.restassured.AddTheProduct" name="testAddProduct" time="1.781"/>
</testsuite> <!-- com.simplilearn.restassured.AddTheProduct -->
