<?xml version="1.0" encoding="UTF-8"?>
<!-- Generated by org.testng.reporters.JUnitReportReporter -->
<testsuite hostname="sham" failures="0" tests="1" name="com.simplilearn.restassured.RetrievetAllProducts" time="0.618" errors="0" timestamp="2024-01-25T13:07:05 IST" skipped="0">
  <testcase classname="com.simplilearn.restassured.RetrievetAllProducts" name="testGetAllProducts" time="0.618"/>
</testsuite> <!-- com.simplilearn.restassured.RetrievetAllProducts -->
